<?xml version="1.0" encoding="UTF-8"?>
<testsuite name="konto_bankowe.SMSHandlerTest" tests="2" skipped="0" failures="0" errors="0" timestamp="2020-01-08T13:05:17" hostname="DESKTOP-NM005FU" time="0.002">
  <properties/>
  <testcase name="shouldSendMessageToCustomerForCorrectUserAndCorrectRecipient" classname="konto_bankowe.SMSHandlerTest" time="0.001"/>
  <testcase name="shouldThrowExceptionForInvalidTelephoneNumber" classname="konto_bankowe.SMSHandlerTest" time="0.001"/>
  <system-out><![CDATA[Wiadomosc do 123456789: message
]]></system-out>
  <system-err><![CDATA[]]></system-err>
</testsuite>
