<?xml version="1.0" encoding="UTF-8"?>
<testsuite name="konto_bankowe.BankAccountTest" tests="2" skipped="0" failures="0" errors="0" timestamp="2020-01-05T13:52:19" hostname="DESKTOP-NM005FU" time="0.001">
  <properties/>
  <testcase name="shouldAddSingleTransferToTransactionsHistory" classname="konto_bankowe.BankAccountTest" time="0.0"/>
  <testcase name="shouldAddSingleTransferToEmptyTransactionsHistory" classname="konto_bankowe.BankAccountTest" time="0.0"/>
  <system-out><![CDATA[]]></system-out>
  <system-err><![CDATA[]]></system-err>
</testsuite>
