<?xml version="1.0" encoding="UTF-8"?>
<testsuite name="konto_bankowe.AuthenticatorTest" tests="2" skipped="0" failures="0" errors="0" timestamp="2020-01-05T13:52:18" hostname="DESKTOP-NM005FU" time="0.252">
  <properties/>
  <testcase name="shouldFailToAuthenticateForTooLongCode" classname="konto_bankowe.AuthenticatorTest" time="0.129"/>
  <testcase name="shouldFailToAuthenticateForWrongAuthenticationCode" classname="konto_bankowe.AuthenticatorTest" time="0.117"/>
  <system-out><![CDATA[Wiadomosc do 123456789: Twoj kod weryfikacyjny: 224571359
Wiadomosc do 123456789: Twoj kod weryfikacyjny: 711513175
]]></system-out>
  <system-err><![CDATA[]]></system-err>
</testsuite>
