<?xml version="1.0" encoding="UTF-8"?>
<testsuite name="konto_bankowe.SMSHandlerTest" tests="1" skipped="0" failures="0" errors="0" timestamp="2020-01-05T13:52:19" hostname="DESKTOP-NM005FU" time="0.0">
  <properties/>
  <testcase name="shouldSendMessageToCustomerForCorrectUserAndCorrectRecipient" classname="konto_bankowe.SMSHandlerTest" time="0.0"/>
  <system-out><![CDATA[Wiadomosc do 123456789: message
]]></system-out>
  <system-err><![CDATA[]]></system-err>
</testsuite>
