<?xml version="1.0" encoding="UTF-8"?>
<testsuite name="konto_bankowe.ApplicationTest" tests="3" skipped="0" failures="0" errors="0" timestamp="2020-01-08T13:05:16" hostname="DESKTOP-NM005FU" time="0.537">
  <properties/>
  <testcase name="shouldPerformTransferForValidUserAndValidTransferData" classname="konto_bankowe.ApplicationTest" time="0.242"/>
  <testcase name="shouldSuccessfullyLoginUser" classname="konto_bankowe.ApplicationTest" time="0.135"/>
  <testcase name="shouldThrowExceptionForNonExistingUser" classname="konto_bankowe.ApplicationTest" time="0.148"/>
  <system-out><![CDATA[]]></system-out>
  <system-err><![CDATA[]]></system-err>
</testsuite>
